<?xml version="1.0" encoding="UTF-8"?>
<!-- Generated by org.testng.reporters.JUnitReportReporter -->
<testsuite hostname="YY185169" name="com.AgileIT.SampleProject1.TestClass1" tests="3" failures="0" timestamp="25 May 2020 11:15:49 GMT" time="44.733" errors="0">
  <testcase name="Test3" time="14.156" classname="com.AgileIT.SampleProject1.TestClass1"/>
  <testcase name="Test2" time="17.046" classname="com.AgileIT.SampleProject1.TestClass1"/>
  <testcase name="Test1" time="13.531" classname="com.AgileIT.SampleProject1.TestClass1"/>
</testsuite> <!-- com.AgileIT.SampleProject1.TestClass1 -->
