<?xml version="1.0" encoding="UTF-8"?>
<!-- Generated by org.testng.reporters.JUnitReportReporter -->
<testsuite skipped="0" hostname="YY185169" name="com.AgileIT.SampleProject1.TestClass1" tests="3" failures="0" timestamp="2020-05-25T16:52:03 IST" time="45.595" errors="0">
  <testcase name="Test2" time="15.817" classname="com.AgileIT.SampleProject1.TestClass1"/>
  <system-out/>
  <testcase name="Test3" time="16.368" classname="com.AgileIT.SampleProject1.TestClass1"/>
  <system-out/>
  <testcase name="Test1" time="13.410" classname="com.AgileIT.SampleProject1.TestClass1"/>
  <system-out/>
</testsuite> <!-- com.AgileIT.SampleProject1.TestClass1 -->
